[2022-06-23 01:32:24.945] [exthost] [info] Extension host with pid 17035 started
[2022-06-23 01:32:24.948] [exthost] [error] Error: EEXIST: file already exists, open '/home/valofe/.vscode-server/data/User/workspaceStorage/bbd2ebfc3c0b53d1ce7f256fe92ffafb/vscode.lock'
[2022-06-23 01:32:24.951] [exthost] [info] Lock '/home/valofe/.vscode-server/data/User/workspaceStorage/bbd2ebfc3c0b53d1ce7f256fe92ffafb/vscode.lock': Could not acquire lock, checking if the file is stale.
[2022-06-23 01:32:24.955] [exthost] [info] Lock '/home/valofe/.vscode-server/data/User/workspaceStorage/bbd2ebfc3c0b53d1ce7f256fe92ffafb/vscode.lock': The lock does not look stale, elapsed: 682 ms, giving up.
[2022-06-23 01:32:24.958] [exthost] [info] Lock '/home/valofe/.vscode-server/data/User/workspaceStorage/bbd2ebfc3c0b53d1ce7f256fe92ffafb-1/vscode.lock': Lock acquired.
[2022-06-23 01:32:25.063] [exthost] [info] ExtensionService#_doActivateExtension vscode.configuration-editing, startup: false, activationEvent: 'onLanguage:jsonc'
[2022-06-23 01:32:25.071] [exthost] [info] ExtensionService#_doActivateExtension vscode.json-language-features, startup: false, activationEvent: 'onLanguage:jsonc'
[2022-06-23 01:32:25.137] [exthost] [info] ExtensionService#_doActivateExtension vscode.typescript-language-features, startup: false, activationEvent: 'onLanguage:jsonc'
[2022-06-23 01:32:25.173] [exthost] [info] ExtensionService#_doActivateExtension vscode.debug-auto-launch, startup: true, activationEvent: '*'
[2022-06-23 01:32:25.176] [exthost] [info] ExtensionService#_doActivateExtension vscode.git-base, startup: true, activationEvent: '*', root cause: vscode.git
[2022-06-23 01:32:25.180] [exthost] [info] ExtensionService#_doActivateExtension vscode.ipynb, startup: true, activationEvent: '*'
[2022-06-23 01:32:25.323] [exthost] [info] ExtensionService#_doActivateExtension vscode.git, startup: true, activationEvent: '*'
[2022-06-23 01:32:25.383] [exthost] [info] ExtensionService#_doActivateExtension vscode.github, startup: true, activationEvent: '*'
[2022-06-23 01:32:25.579] [exthost] [info] ExtensionService#_doActivateExtension vscode.emmet, startup: false, activationEvent: 'onStartupFinished'
[2022-06-23 01:32:25.594] [exthost] [info] ExtensionService#_doActivateExtension vscode.merge-conflict, startup: false, activationEvent: 'onStartupFinished'
[2022-06-23 01:32:25.597] [exthost] [info] Eager extensions activated
[2022-06-23 01:32:43.459] [exthost] [info] ExtensionService#_doActivateExtension vscode.html-language-features, startup: false, activationEvent: 'onLanguage:html'
[2022-06-23 01:32:44.148] [exthost] [info] ExtensionService#_doActivateExtension vscode.extension-editing, startup: false, activationEvent: 'onLanguage:json'
[2022-06-23 01:32:44.187] [exthost] [info] ExtensionService#_doActivateExtension vscode.npm, startup: false, activationEvent: 'onLanguage:json'
[2022-06-23 01:37:04.516] [exthost] [info] ExtensionService#_doActivateExtension vscode.debug-server-ready, startup: false, activationEvent: 'onDebugResolve'
[2022-06-23 01:37:04.521] [exthost] [info] ExtensionService#_doActivateExtension ms-vscode.js-debug, startup: false, activationEvent: 'onDebugResolve:pwa-node'
[2022-06-23 01:45:23.011] [exthost] [info] ExtensionService#_doActivateExtension ms-azuretools.vscode-docker, startup: false, activationEvent: 'onView:dockerContainers'
[2022-06-23 04:57:21.955] [exthost] [info] Extension host terminating: renderer disconnected for too long (1)
[2022-06-23 04:57:21.958] [exthost] [info] Lock '/home/valofe/.vscode-server/data/User/workspaceStorage/bbd2ebfc3c0b53d1ce7f256fe92ffafb-1/vscode.lock': Marking the lockfile as scheduled to be released in 6000 ms.
[2022-06-23 04:57:22.061] [exthost] [info] Extension host with pid 17035 exiting with code 0
