0 verbose cli [
0 verbose cli   '/usr/bin/node',
0 verbose cli   '/usr/bin/npm',
0 verbose cli   'install',
0 verbose cli   '--ignore-scripts',
0 verbose cli   '@types/cookie-parser@ts4.7',
0 verbose cli   '@types/morgan@ts4.7',
0 verbose cli   '@types/pug@ts4.7',
0 verbose cli   '--save-dev',
0 verbose cli   '--user-agent=typesInstaller/4.7.3'
0 verbose cli ]
1 info using npm@8.5.5
2 info using node@v16.15.0
3 timing npm:load:whichnode Completed in 1ms
4 timing config:load:defaults Completed in 2ms
5 timing config:load:file:/usr/lib/node_modules/npm/npmrc Completed in 1ms
6 timing config:load:builtin Completed in 1ms
7 timing config:load:cli Completed in 2ms
8 timing config:load:env Completed in 0ms
9 timing config:load:file:/home/valofe/.cache/typescript/4.7/.npmrc Completed in 0ms
10 timing config:load:project Completed in 12ms
11 timing config:load:file:/home/valofe/.npmrc Completed in 0ms
12 timing config:load:user Completed in 0ms
13 timing config:load:file:/usr/etc/npmrc Completed in 2ms
14 timing config:load:global Completed in 2ms
15 timing config:load:validate Completed in 0ms
16 timing config:load:credentials Completed in 1ms
17 timing config:load:setEnvs Completed in 1ms
18 timing config:load Completed in 23ms
19 timing npm:load:configload Completed in 23ms
20 timing npm:load:setTitle Completed in 0ms
21 timing config:load:flatten Completed in 3ms
22 timing npm:load:display Completed in 5ms
23 verbose logfile /home/valofe/.npm/_logs/2022-06-23T05_47_05_169Z-debug-0.log
24 timing npm:load:logFile Completed in 7ms
25 timing npm:load:timers Completed in 0ms
26 timing npm:load:configScope Completed in 0ms
27 timing npm:load Completed in 36ms
28 timing arborist:ctor Completed in 1ms
29 timing idealTree:init Completed in 62ms
30 timing arborist:ctor Completed in 0ms
31 http fetch GET 200 https://registry.npmjs.org/@types%2fcookie-parser 373ms (cache miss)
32 http fetch GET 200 https://registry.npmjs.org/@types%2fmorgan 380ms (cache miss)
33 http fetch GET 200 https://registry.npmjs.org/@types%2fpug 1043ms (cache miss)
34 timing idealTree:userRequests Completed in 1058ms
35 silly idealTree buildDeps
36 silly fetch manifest @types/cookie-parser@1.4.3
37 silly fetch manifest @types/morgan@1.9.3
38 silly fetch manifest @types/pug@2.0.6
39 silly placeDep ROOT @types/cookie-parser@1.4.3 OK for:  want: 1.4.3
40 silly placeDep ROOT @types/morgan@1.9.3 OK for:  want: 1.9.3
41 silly placeDep ROOT @types/pug@2.0.6 OK for:  want: 2.0.6
42 timing idealTree:#root Completed in 10ms
43 timing idealTree:node_modules/@types/cookie-parser Completed in 0ms
44 timing idealTree:node_modules/@types/morgan Completed in 0ms
45 timing idealTree:node_modules/@types/pug Completed in 0ms
46 timing idealTree:buildDeps Completed in 11ms
47 timing idealTree:fixDepFlags Completed in 0ms
48 timing idealTree Completed in 1132ms
49 timing reify:loadTrees Completed in 1133ms
50 timing reify:diffTrees Completed in 4ms
51 silly reify moves {}
52 timing reify:retireShallow Completed in 0ms
53 timing reify:createSparse Completed in 1ms
54 timing reify:loadBundles Completed in 0ms
55 silly audit bulk request {
55 silly audit   '@types/accepts': [ '1.3.5' ],
55 silly audit   '@types/base64id': [ '2.0.0' ],
55 silly audit   '@types/body-parser': [ '1.19.2' ],
55 silly audit   '@types/bytes': [ '3.1.1' ],
55 silly audit   '@types/call-bind': [ '1.0.1' ],
55 silly audit   '@types/component-emitter': [ '1.2.11' ],
55 silly audit   '@types/connect': [ '3.4.35' ],
55 silly audit   '@types/content-disposition': [ '0.5.5' ],
55 silly audit   '@types/content-type': [ '1.1.5' ],
55 silly audit   '@types/cookie': [ '0.5.1' ],
55 silly audit   '@types/cookie-signature': [ '1.0.4' ],
55 silly audit   '@types/cors': [ '2.8.12' ],
55 silly audit   '@types/debug': [ '4.1.7' ],
55 silly audit   '@types/depd': [ '1.1.32' ],
55 silly audit   '@types/destroy': [ '1.0.0' ],
55 silly audit   '@types/ee-first': [ '1.1.0' ],
55 silly audit   '@types/encodeurl': [ '1.0.0' ],
55 silly audit   '@types/escape-html': [ '1.0.2' ],
55 silly audit   '@types/etag': [ '1.8.1' ],
55 silly audit   '@types/express': [ '4.17.13' ],
55 silly audit   '@types/express-serve-static-core': [ '4.17.29' ],
55 silly audit   '@types/finalhandler': [ '1.1.1' ],
55 silly audit   '@types/forwarded': [ '0.1.0' ],
55 silly audit   '@types/fresh': [ '0.5.0' ],
55 silly audit   '@types/function-bind': [ '1.1.7' ],
55 silly audit   '@types/get-intrinsic': [ '1.0.0' ],
55 silly audit   '@types/has': [ '1.0.0' ],
55 silly audit   '@types/has-symbols': [ '1.0.0' ],
55 silly audit   '@types/http-errors': [ '1.8.2' ],
55 silly audit   '@types/inherits': [ '0.0.30' ],
55 silly audit   '@types/media-typer': [ '1.1.1' ],
55 silly audit   '@types/merge-descriptors': [ '1.0.1' ],
55 silly audit   '@types/methods': [ '1.1.1' ],
55 silly audit   '@types/mime': [ '2.0.3', '1.3.2' ],
55 silly audit   '@types/mime-db': [ '1.43.1' ],
55 silly audit   '@types/mime-types': [ '2.1.1' ],
55 silly audit   '@types/ms': [ '0.7.31' ],
55 silly audit   '@types/negotiator': [ '0.6.1' ],
55 silly audit   '@types/node': [ '18.0.0' ],
55 silly audit   '@types/object-assign': [ '4.0.30' ],
55 silly audit   '@types/object-inspect': [ '1.8.1' ],
55 silly audit   '@types/on-finished': [ '2.3.1' ],
55 silly audit   '@types/parseurl': [ '1.3.1' ],
55 silly audit   '@types/proxy-addr': [ '2.0.0' ],
55 silly audit   '@types/qs': [ '6.9.7' ],
55 silly audit   '@types/range-parser': [ '1.2.4' ],
55 silly audit   '@types/safer-buffer': [ '2.1.0' ],
55 silly audit   '@types/send': [ '0.17.1' ],
55 silly audit   '@types/serve-static': [ '1.13.10' ],
55 silly audit   '@types/statuses': [ '2.0.0' ],
55 silly audit   '@types/type-is': [ '1.6.3' ],
55 silly audit   '@types/utils-merge': [ '0.0.28' ],
55 silly audit   '@types/vary': [ '1.1.0' ],
55 silly audit   '@types/ws': [ '8.5.3' ],
55 silly audit   'types-registry': [ '0.1.596' ],
55 silly audit   '@types/cookie-parser': [ '1.4.3' ],
55 silly audit   '@types/morgan': [ '1.9.3' ],
55 silly audit   '@types/pug': [ '2.0.6' ]
55 silly audit }
56 silly tarball no local data for @types/pug@https://registry.npmjs.org/@types/pug/-/pug-2.0.6.tgz. Extracting by manifest.
57 silly tarball no local data for @types/morgan@https://registry.npmjs.org/@types/morgan/-/morgan-1.9.3.tgz. Extracting by manifest.
58 silly tarball no local data for @types/cookie-parser@https://registry.npmjs.org/@types/cookie-parser/-/cookie-parser-1.4.3.tgz. Extracting by manifest.
59 http fetch GET 200 https://registry.npmjs.org/@types/morgan/-/morgan-1.9.3.tgz 61ms (cache miss)
60 timing reifyNode:node_modules/@types/morgan Completed in 74ms
61 http fetch GET 200 https://registry.npmjs.org/@types/cookie-parser/-/cookie-parser-1.4.3.tgz 118ms (cache miss)
62 timing reifyNode:node_modules/@types/cookie-parser Completed in 132ms
63 http fetch POST 200 https://registry.npmjs.org/-/npm/v1/security/advisories/bulk 226ms
64 timing auditReport:getReport Completed in 228ms
65 silly audit report {}
66 timing auditReport:init Completed in 0ms
67 timing reify:audit Completed in 229ms
68 http fetch GET 200 https://registry.npmjs.org/@types/pug/-/pug-2.0.6.tgz 250ms (cache miss)
69 timing reifyNode:node_modules/@types/pug Completed in 259ms
70 timing reify:unpack Completed in 259ms
71 timing reify:unretire Completed in 0ms
72 timing build:queue Completed in 0ms
73 timing build:deps Completed in 1ms
74 timing build Completed in 1ms
75 timing reify:build Completed in 1ms
76 timing reify:trash Completed in 1ms
77 timing reify:save Completed in 30ms
78 timing reify Completed in 1445ms
79 silly ADD node_modules/@types/pug
80 silly ADD node_modules/@types/morgan
81 silly ADD node_modules/@types/cookie-parser
82 timing command:install Completed in 1452ms
83 verbose exit 0
84 timing npm Completed in 1693ms
85 info ok
