0 verbose cli [
0 verbose cli   '/usr/bin/node',
0 verbose cli   '/usr/bin/npm',
0 verbose cli   'install',
0 verbose cli   '--ignore-scripts',
0 verbose cli   'types-registry@latest'
0 verbose cli ]
1 info using npm@8.5.5
2 info using node@v16.15.0
3 timing npm:load:whichnode Completed in 1ms
4 timing config:load:defaults Completed in 2ms
5 timing config:load:file:/usr/lib/node_modules/npm/npmrc Completed in 13ms
6 timing config:load:builtin Completed in 14ms
7 timing config:load:cli Completed in 2ms
8 timing config:load:env Completed in 1ms
9 timing config:load:file:/home/valofe/.cache/typescript/4.7/.npmrc Completed in 0ms
10 timing config:load:project Completed in 7ms
11 timing config:load:file:/home/valofe/.npmrc Completed in 0ms
12 timing config:load:user Completed in 1ms
13 timing config:load:file:/usr/etc/npmrc Completed in 2ms
14 timing config:load:global Completed in 2ms
15 timing config:load:validate Completed in 0ms
16 timing config:load:credentials Completed in 1ms
17 timing config:load:setEnvs Completed in 1ms
18 timing config:load Completed in 32ms
19 timing npm:load:configload Completed in 32ms
20 timing npm:load:setTitle Completed in 0ms
21 timing config:load:flatten Completed in 3ms
22 timing npm:load:display Completed in 4ms
23 verbose logfile /home/valofe/.npm/_logs/2022-06-23T05_32_43_085Z-debug-0.log
24 timing npm:load:logFile Completed in 6ms
25 timing npm:load:timers Completed in 0ms
26 timing npm:load:configScope Completed in 0ms
27 timing npm:load Completed in 45ms
28 timing arborist:ctor Completed in 1ms
29 timing arborist:ctor Completed in 0ms
30 timing idealTree:init Completed in 16ms
31 http fetch GET 200 https://registry.npmjs.org/types-registry 156ms (cache miss)
32 timing idealTree:userRequests Completed in 164ms
33 silly idealTree buildDeps
34 silly fetch manifest types-registry@0.1.596
35 silly placeDep ROOT types-registry@0.1.596 OK for:  want: 0.1.596
36 timing idealTree:#root Completed in 9ms
37 timing idealTree:node_modules/types-registry Completed in 0ms
38 timing idealTree:buildDeps Completed in 10ms
39 timing idealTree:fixDepFlags Completed in 0ms
40 timing idealTree Completed in 192ms
41 timing reify:loadTrees Completed in 193ms
42 timing reify:diffTrees Completed in 1ms
43 silly reify moves {}
44 timing reify:retireShallow Completed in 1ms
45 timing reify:createSparse Completed in 4ms
46 timing reify:loadBundles Completed in 0ms
47 silly audit bulk request { 'types-registry': [ '0.1.596' ] }
48 http fetch GET 200 https://registry.npmjs.org/npm 245ms (cache miss)
49 silly tarball no local data for types-registry@https://registry.npmjs.org/types-registry/-/types-registry-0.1.596.tgz. Extracting by manifest.
50 http fetch GET 200 https://registry.npmjs.org/types-registry/-/types-registry-0.1.596.tgz 60ms (cache miss)
51 timing reifyNode:node_modules/types-registry Completed in 144ms
52 timing reify:unpack Completed in 144ms
53 timing reify:unretire Completed in 1ms
54 timing build:queue Completed in 2ms
55 timing build:deps Completed in 3ms
56 timing build Completed in 3ms
57 timing reify:build Completed in 3ms
58 timing reify:trash Completed in 0ms
59 timing reify:save Completed in 6ms
60 http fetch POST 200 https://registry.npmjs.org/-/npm/v1/security/advisories/bulk 208ms
61 timing auditReport:getReport Completed in 208ms
62 silly audit report {}
63 timing auditReport:init Completed in 0ms
64 timing reify:audit Completed in 209ms
65 timing reify Completed in 453ms
66 silly ADD node_modules/types-registry
67 timing command:install Completed in 459ms
68 notice
68 notice New minor version of npm available! 8.5.5 -> 8.13.0
68 notice Changelog: <https://github.com/npm/cli/releases/tag/v8.13.0>
68 notice Run `npm install -g npm@8.13.0` to update!
68 notice
69 verbose exit 0
70 timing npm Completed in 1312ms
71 info ok
